Magma V2.28-23    Thu Jul  3 2025 17:17:15 on cecm-gaby [Seed = 3251546197]
Type ? for help.  Type <Ctrl>-D to quit.
Loading "gl2data.txt"
Loading "curvelist1.txt"
Group # 1, Level 2 (absolutely irreducible) 
Group # 2, Group Order 96, Lifted Level 8 
Group # 3, Level 4 (absolutely irreducible) 
Group # 4, Level 8 (absolutely irreducible) 
Group # 5, Level 8 (absolutely irreducible) 
Group # 6, Level 2 (reducible) 
Group # 7, Level 4 (absolutely irreducible) 
Group # 8, Level 2 (reducible) 
Group # 9, Level 4 (reducible) 
Group # 10, Level 4 (reducible) 
Group # 11, Level 4 (reducible) 
Group # 12, Level 4 (reducible) 
Group # 13, Level 4 (reducible) 
Group # 14, Level 8 (reducible) 
Group # 15, Level 8 (reducible) 
Group # 16, Level 8 (reducible) 
Group # 17, Level 8 (reducible) 
Group # 18, Level 8 (reducible) 
Group # 19, Level 8 (reducible) 
Group # 20, Level 4 (absolutely irreducible) 
Group # 22, Level 8 (absolutely irreducible) 
Group # 23, Level 4 (reducible) 
Group # 24, Level 4 (reducible) 
Group # 25, Level 4 (reducible) 
Group # 26, Level 4 (reducible) 
Group # 27, Level 4 (reducible) 
Group # 28, Level 8 (reducible) 
Group # 29, Level 8 (reducible) 
Group # 30, Level 8 (reducible) 
Group # 31, Level 8 (reducible) 
Group # 32, Level 8 (reducible) 
Group # 33, Level 8 (reducible) 
Group # 34, Level 8 (reducible) 
Group # 35, Level 8 (reducible) 
Group # 36, Level 8 (reducible) 
Group # 37, Level 8 (reducible) 
Group # 38, Level 8 (reducible) 
Group # 39, Level 8 (reducible) 
Group # 40, Level 8 (reducible) 
Group # 41, Level 8 (reducible) 
Group # 42, Level 8 (reducible) 
Group # 43, Level 8 (reducible) 
Group # 44, Level 8 (reducible) 
Group # 45, Level 8 (reducible) 
Group # 46, Level 8 (reducible) 
Group # 47, Level 8 (reducible) 
Group # 48, Level 8 (reducible) 
Group # 49, Level 8 (reducible) 
Group # 50, Level 8 (reducible) 
Group # 55, Level 8 (absolutely irreducible) 
Group # 56, Level 16 (absolutely irreducible) 
Group # 57, Level 16 (absolutely irreducible) 
Group # 58, Level 4 (reducible) 
Group # 60, Level 4 (reducible) 
Group # 61, Level 8 (reducible) 
Group # 62, Level 8 (reducible) 
Group # 63, Level 8 (reducible) 
Group # 64, Level 8 (reducible) 
Group # 65, Level 8 (reducible) 
Group # 66, Level 8 (reducible) 
Group # 67, Level 8 (reducible) 
Group # 68, Level 8 (reducible) 
Group # 69, Level 8 (reducible) 
Group # 70, Level 8 (reducible) 
Group # 71, Level 8 (reducible) 
Group # 73, Level 8 (reducible) 
Group # 74, Level 8 (reducible) 
Group # 75, Level 8 (reducible) 
Group # 76, Level 8 (reducible) 
Group # 77, Level 8 (reducible) 
Group # 78, Level 8 (reducible) 
Group # 79, Level 8 (reducible) 
Group # 80, Level 8 (reducible) 
Group # 81, Level 8 (reducible) 
Group # 82, Level 8 (reducible) 
Group # 83, Level 8 (reducible) 
Group # 84, Level 8 (reducible) 
Group # 85, Level 8 (reducible) 
Group # 86, Level 8 (reducible) 
Group # 87, Level 8 (reducible) 
Group # 89, Level 8 (reducible) 
Group # 90, Level 8 (reducible) 
Group # 91, Level 8 (reducible) 
Group # 92, Level 8 (reducible) 
Group # 93, Level 8 (reducible) 
Group # 94, Level 8 (reducible) 
Group # 95, Level 8 (reducible) 
Group # 96, Level 8 (reducible) 
Group # 97, Level 8 (reducible) 
Group # 98, Level 8 (reducible) 
Group # 99, Level 8 (reducible) 
Group # 100, Level 8 (reducible) 
Group # 101, Level 8 (reducible) 
Group # 102, Level 8 (reducible) 
Group # 103, Level 16 (reducible) 
Group # 104, Level 16 (reducible) 
Group # 105, Level 16 (reducible) 
Group # 106, Level 16 (reducible) 
Group # 107, Level 16 (reducible) 
Group # 108, Level 16 (reducible) 
Group # 109, Level 16 (reducible) 
Group # 110, Level 16 (reducible) 
Group # 111, Level 16 (reducible) 
Group # 112, Level 16 (reducible) 
Group # 113, Level 16 (reducible) 
Group # 114, Level 16 (reducible) 
Group # 115, Level 16 (reducible) 
Group # 116, Level 16 (reducible) 
Group # 117, Level 16 (reducible) 
Group # 118, Level 16 (reducible) 
Group # 119, Level 16 (reducible) 
Group # 120, Level 16 (reducible) 
Group # 121, Level 16 (reducible) 
Group # 122, Level 16 (reducible) 
Group # 123, Level 16 (reducible) 
Group # 124, Level 16 (reducible) 
Group # 177, Level 32 (absolutely irreducible) 
Group # 178, Level 32 (absolutely irreducible) 
Group # 181, Level 8 (reducible) 
Group # 183, Level 8 (reducible) 
Group # 185, Level 8 (reducible) 
Group # 187, Level 8 (reducible) 
Group # 188, Level 8 (reducible) 
Group # 189, Level 8 (reducible) 
Group # 190, Level 8 (reducible) 
Group # 191, Level 8 (reducible) 
Group # 192, Level 8 (reducible) 
Group # 193, Level 8 (reducible) 
Group # 194, Level 8 (reducible) 
Group # 195, Level 8 (reducible) 
Group # 196, Level 8 (reducible) 
Group # 197, Level 8 (reducible) 
Group # 199, Level 8 (reducible) 
Group # 200, Level 8 (reducible) 
Group # 202, Level 8 (reducible) 
Group # 203, Level 8 (reducible) 
Group # 204, Level 8 (reducible) 
Group # 205, Level 8 (reducible) 
Group # 207, Level 16 (reducible) 
Group # 208, Level 16 (reducible) 
Group # 209, Level 16 (reducible) 
Group # 210, Level 16 (reducible) 
Group # 211, Level 16 (reducible) 
Group # 212, Level 16 (reducible) 
Group # 213, Level 16 (reducible) 
Group # 214, Level 16 (reducible) 
Group # 215, Level 16 (reducible) 
Group # 216, Level 16 (reducible) 
Group # 217, Level 16 (reducible) 
Group # 218, Level 16 (reducible) 
Group # 219, Level 16 (reducible) 
Group # 220, Level 16 (reducible) 
Group # 221, Level 16 (reducible) 
Group # 222, Level 16 (reducible) 
Group # 223, Level 16 (reducible) 
Group # 224, Level 16 (reducible) 
Group # 225, Level 16 (reducible) 
Group # 226, Level 16 (reducible) 
Group # 227, Level 16 (reducible) 
Group # 228, Level 16 (reducible) 
Group # 229, Level 16 (reducible) 
Group # 230, Level 16 (reducible) 
Group # 231, Level 16 (reducible) 
Group # 232, Level 16 (reducible) 
Group # 233, Level 16 (reducible) 
Group # 234, Level 16 (reducible) 
Group # 235, Level 16 (reducible) 
Group # 236, Level 16 (reducible) 
Group # 237, Level 16 (reducible) 
Group # 238, Level 32 (reducible) 
Group # 239, Level 32 (reducible) 
Group # 240, Level 32 (reducible) 
Group # 241, Level 32 (reducible) 
Group # 242, Level 32 (reducible) 
Group # 243, Level 32 (reducible) 
Group # 281, Level 16 (reducible) 
Group # 284, Level 16 (reducible) 
Group # 288, Level 16 (reducible) 
Group # 289, Level 16 (reducible) 
Group # 291, Level 16 (reducible) 
Group # 295, Level 16 (reducible) 
Group # 297, Level 16 (reducible) 
Group # 302, Level 16 (reducible) 
Group # 304, Level 16 (reducible) 
Group # 308, Level 16 (reducible) 
Group # 309, Level 16 (reducible) 
Group # 312, Level 16 (reducible) 
Group # 318, Level 16 (reducible) 
Group # 320, Level 16 (reducible) 
Group # 323, Level 16 (reducible) 
Group # 324, Level 16 (reducible) 
Group # 326, Level 16 (reducible) 
Group # 328, Level 16 (reducible) 
Group # 349, Level 16 (reducible) 
Group # 350, Level 16 (reducible) 
Group # 441, Level 16 (genus >= 2) 
Group # 556, Level 16 (genus >= 2) 
Group # 558, Level 16 (genus >= 2) 
Group # 563, Level 16 (genus >= 2) 
Group # 566, Level 16 (genus >= 2) 
Group # 619, Level 32 (genus >= 2) 
Group # 649, Level 32 (genus >= 2) 

Total time: 1.339 seconds, Total memory usage: 64.12MB
